<?xml version="1.0" encoding="UTF-8"?>
<!-- Generated by org.testng.reporters.JUnitReportReporter -->
<testsuite hostname="DESKTOP-43ELANJ" failures="0" tests="1" name="com.automationpractice.PurchasingItemsTests" time="64.168" errors="0" timestamp="07 Jan 2021 10:51:45 GMT" skipped="0">
  <testcase classname="com.automationpractice.PurchasingItemsTests" name="purchasingTest" time="64.168"/>
</testsuite> <!-- com.automationpractice.PurchasingItemsTests -->
